<?xml version="1.0" encoding="UTF-8"?>
<!-- Generated by org.testng.reporters.JUnitXMLReporter -->
<testsuite ignored="0" hostname="MacBook-Pro-de-TechM.local" failures="0" tests="3" name="Default test" time="31.888" errors="0" timestamp="2022-03-13T23:57:14 CST">
  <testcase classname="paquete1.DataProviders" name="sampleTest1" time="12.308"/>
  <testcase classname="paquete1.DataProviders" name="sampleTest1" time="9.847"/>
  <testcase classname="paquete1.DataProviders" name="sampleTest1" time="9.682"/>
</testsuite> <!-- Default test -->
